<?xml version="1.0" encoding="UTF-8"?>
<testng-results skipped="0" failed="0" ignored="11" total="12" passed="1">
  <reporter-output>
  </reporter-output>
  <suite name="WebDriver" duration-ms="27370" started-at="2017-12-28T06:02:14Z" finished-at="2017-12-28T06:02:42Z">
    <groups>
      <group name="testObjectMap">
        <method signature="ObjectMapTest.testObjectMap()[pri:0, instance:AdvancedInstance.ObjectMapTest@5622fdf]" name="testObjectMap" class="AdvancedInstance.ObjectMapTest"/>
      </group> <!-- testObjectMap -->
    </groups>
    <test name="AdvancedInstanceTest" duration-ms="27370" started-at="2017-12-28T06:02:14Z" finished-at="2017-12-28T06:02:42Z">
      <class name="AdvancedInstance.ObjectMapTest">
        <test-method status="PASS" signature="testObjectMap()[pri:0, instance:AdvancedInstance.ObjectMapTest@5622fdf]" name="testObjectMap" duration-ms="27335" started-at="2017-12-28T14:02:14Z" finished-at="2017-12-28T14:02:42Z">
          <reporter-output>
          </reporter-output>
        </test-method> <!-- testObjectMap -->
      </class> <!-- AdvancedInstance.ObjectMapTest -->
    </test> <!-- AdvancedInstanceTest -->
  </suite> <!-- WebDriver -->
</testng-results>
