<?xml version="1.0" encoding="UTF-8"?>
<testng-results skipped="0" failed="0" ignored="10" total="11" passed="1">
  <reporter-output>
  </reporter-output>
  <suite name="WebDriver" duration-ms="15402" started-at="2017-11-02T09:00:02Z" finished-at="2017-11-02T09:00:18Z">
    <groups>
      <group name="Robot">
        <method signature="RobotTest.Robot()[pri:0, instance:AdvancedInstance.RobotTest@6093dd95]" name="Robot" class="AdvancedInstance.RobotTest"/>
      </group> <!-- Robot -->
    </groups>
    <test name="AdvancedInstanceTest" duration-ms="15402" started-at="2017-11-02T09:00:02Z" finished-at="2017-11-02T09:00:18Z">
      <class name="AdvancedInstance.RobotTest">
        <test-method status="PASS" signature="Robot()[pri:0, instance:AdvancedInstance.RobotTest@6093dd95]" name="Robot" duration-ms="15363" started-at="2017-11-02T17:00:02Z" finished-at="2017-11-02T17:00:18Z">
          <reporter-output>
          </reporter-output>
        </test-method> <!-- Robot -->
      </class> <!-- AdvancedInstance.RobotTest -->
    </test> <!-- AdvancedInstanceTest -->
  </suite> <!-- WebDriver -->
</testng-results>
