<?xml version="1.0" encoding="UTF-8"?>
<!-- Generated by org.testng.reporters.JUnitXMLReporter -->
<testsuite hostname="N4A6CDPYHL8SNQG" ignored="0" name="Default test" tests="5" failures="0" timestamp="28 九月 2017 12:03:05 GMT" time="56.652" errors="0">
  <testcase name="BrowerNavigate" time="11.258" classname="PageElementLocalize.BrowerWebElement"/>
  <testcase name="Input" time="13.915" classname="PageElementLocalize.BrowerWebElement"/>
  <testcase name="XClick" time="8.069" classname="PageElementLocalize.BrowerWebElement"/>
  <testcase name="getWebMsg" time="6.724" classname="PageElementLocalize.BrowerWebElement"/>
  <testcase name="operateBrower" time="16.646" classname="PageElementLocalize.BrowerWebElement"/>
</testsuite> <!-- Default test -->
