<?xml version="1.0" encoding="UTF-8"?>
<!-- Generated by org.testng.reporters.JUnitXMLReporter -->
<testsuite hostname="N4A6CDPYHL8SNQG" ignored="3" name="AdvancedInstanceTest" tests="1" failures="0" timestamp="18 十月 2017 01:35:02 GMT" time="6.722" errors="0">
  <testcase name="otherMonths" time="6.678" classname="AdvancedInstance.SetDateInput"/>
  <testcase name="setAttributeValue" time="0.0" classname="AdvancedInstance.setAttributePackage">
    <ignored/>
  </testcase> <!-- setAttributeValue -->
  <testcase name="testHandleiFrame" time="0.0" classname="AdvancedInstance.JavaScriptExecutor">
    <ignored/>
  </testcase> <!-- testHandleiFrame -->
  <testcase name="AJAXClickText" time="0.0" classname="AdvancedInstance.AJAXClick">
    <ignored/>
  </testcase> <!-- AJAXClickText -->
</testsuite> <!-- AdvancedInstanceTest -->
