<?xml version="1.0" encoding="UTF-8"?>
<!-- Generated by org.testng.reporters.JUnitXMLReporter -->
<testsuite hostname="N4A6CDPYHL8SNQG" ignored="11" name="AdvancedInstanceTest" tests="1" failures="0" timestamp="28 十二月 2017 06:02:42 GMT" time="27.37" errors="0">
  <testcase name="testObjectMap" time="27.335" classname="AdvancedInstance.ObjectMapTest"/>
  <testcase name="setAttributeValue" time="0.0" classname="AdvancedInstance.setAttributePackage">
    <ignored/>
  </testcase> <!-- setAttributeValue -->
  <testcase name="upload" time="0.0" classname="AdvancedInstance.testUpLoad">
    <ignored/>
  </testcase> <!-- upload -->
  <testcase name="uploadA3x" time="0.0" classname="AdvancedInstance.testUpLoad">
    <ignored/>
  </testcase> <!-- uploadA3x -->
  <testcase name="testHandleiFrame" time="0.0" classname="AdvancedInstance.JavaScriptExecutor">
    <ignored/>
  </testcase> <!-- testHandleiFrame -->
  <testcase name="AJAXClickText" time="0.0" classname="AdvancedInstance.AJAXClick">
    <ignored/>
  </testcase> <!-- AJAXClickText -->
  <testcase name="otherMonths" time="0.0" classname="AdvancedInstance.SetDateInput">
    <ignored/>
  </testcase> <!-- otherMonths -->
  <testcase name="DownLoadFileTest" time="0.0" classname="AdvancedInstance.DownLoadFile">
    <ignored/>
  </testcase> <!-- DownLoadFileTest -->
  <testcase name="ScrollingToElementofApage" time="0.0" classname="AdvancedInstance.ScrollBar">
    <ignored/>
  </testcase> <!-- ScrollingToElementofApage -->
  <testcase name="ScrollingToBottomofApage" time="0.0" classname="AdvancedInstance.ScrollBar">
    <ignored/>
  </testcase> <!-- ScrollingToBottomofApage -->
  <testcase name="ScrollingByCoordinatesofApage" time="0.0" classname="AdvancedInstance.ScrollBar">
    <ignored/>
  </testcase> <!-- ScrollingByCoordinatesofApage -->
  <testcase name="Robot" time="0.0" classname="AdvancedInstance.RobotTest">
    <ignored/>
  </testcase> <!-- Robot -->
</testsuite> <!-- AdvancedInstanceTest -->
