<?xml version="1.0" encoding="UTF-8"?>
<!-- Generated by org.testng.reporters.JUnitXMLReporter -->
<testsuite hostname="N4A6CDPYHL8SNQG" ignored="13" name="ByTag" tests="1" failures="1" timestamp="28 九月 2017 14:09:28 GMT" time="6.049" errors="0">
  <testcase name="XClick" time="6.023" classname="PageElementLocalize.BrowerWebElement">
    <failure type="java.lang.AssertionError" message="expected [改变啦!] but found [改变啦1!]">
      <![CDATA[java.lang.AssertionError: expected [改变啦!] but found [改变啦1!]
	at PageElementLocalize.BrowerWebElement.XClick(BrowerWebElement.java:159)
... Removed 31 stack frames]]>
    </failure>
  </testcase> <!-- XClick -->
  <testcase name="TagByID" time="0.0" classname="PageElementLocalize.LocalizeByTag">
    <ignored/>
  </testcase> <!-- TagByID -->
  <testcase name="Input" time="0.0" classname="PageElementLocalize.BrowerWebElement">
    <ignored/>
  </testcase> <!-- Input -->
  <testcase name="TagBypartialLinkText" time="0.0" classname="PageElementLocalize.LocalizeByTag">
    <ignored/>
  </testcase> <!-- TagBypartialLinkText -->
  <testcase name="BrowerNavigate" time="0.0" classname="PageElementLocalize.BrowerWebElement">
    <ignored/>
  </testcase> <!-- BrowerNavigate -->
  <testcase name="LocateTableCheckBox" time="0.0" classname="PageElementLocalize.TableElement">
    <ignored/>
  </testcase> <!-- LocateTableCheckBox -->
  <testcase name="TagByLinkText" time="0.0" classname="PageElementLocalize.LocalizeByTag">
    <ignored/>
  </testcase> <!-- TagByLinkText -->
  <testcase name="getWebMsg" time="0.0" classname="PageElementLocalize.BrowerWebElement">
    <ignored/>
  </testcase> <!-- getWebMsg -->
  <testcase name="TagByXPath" time="0.0" classname="PageElementLocalize.LocalizeByTag">
    <ignored/>
  </testcase> <!-- TagByXPath -->
  <testcase name="LocateTableTr" time="0.0" classname="PageElementLocalize.TableElement">
    <ignored/>
  </testcase> <!-- LocateTableTr -->
  <testcase name="JQueryLocalize" time="0.0" classname="PageElementLocalize.JQuery">
    <ignored/>
  </testcase> <!-- JQueryLocalize -->
  <testcase name="operateBrower" time="0.0" classname="PageElementLocalize.BrowerWebElement">
    <ignored/>
  </testcase> <!-- operateBrower -->
  <testcase name="TagByName" time="0.0" classname="PageElementLocalize.LocalizeByTag">
    <ignored/>
  </testcase> <!-- TagByName -->
  <testcase name="LocateTable" time="0.0" classname="PageElementLocalize.TableElement">
    <ignored/>
  </testcase> <!-- LocateTable -->
</testsuite> <!-- ByTag -->
