<?xml version="1.0" encoding="UTF-8"?>
<!-- Generated by org.testng.reporters.JUnitXMLReporter -->
<testsuite hostname="N4A6CDPYHL8SNQG" ignored="43" name="ByTag" tests="1" failures="1" timestamp="29 十一月 2017 05:07:19 GMT" time="17.449" errors="0">
  <testcase name="Mooc" time="17.409" classname="PageElementLocalize.BrowerWebElement">
    <failure type="org.openqa.selenium.StaleElementReferenceException" message="stale element reference: element is not attached to the page document
  (Session info: chrome=62.0.3202.94)
  (Driver info: chromedriver=2.29.461591 (62ebf098771772160f391d75e589dc567915b233),platform=Windows NT 6.1.7601 SP1 x86_64) (WARNING: The server did not provide any stacktrace information)
Command duration or timeout: 22 milliseconds
For documentation on this error, please visit: http://seleniumhq.org/exceptions/stale_element_reference.html
Build info: version: &amp;apos;3.3.1&amp;apos;, revision: &amp;apos;5234b325d5&amp;apos;, time: &amp;apos;2017-03-10 09:10:29 +0000&amp;apos;
System info: host: &amp;apos;N4A6CDPYHL8SNQG&amp;apos;, ip: &amp;apos;192.168.231.72&amp;apos;, os.name: &amp;apos;Windows 7&amp;apos;, os.arch: &amp;apos;amd64&amp;apos;, os.version: &amp;apos;6.1&amp;apos;, java.version: &amp;apos;1.8.0_131&amp;apos;
Driver info: org.openqa.selenium.chrome.ChromeDriver
Capabilities [{applicationCacheEnabled=false, rotatable=false, mobileEmulationEnabled=false, networkConnectionEnabled=false, chrome={chromedriverVersion=2.29.461591 (62ebf098771772160f391d75e589dc567915b233), userDataDir=C:\Users\ADMINI~1\AppData\Local\Temp\scoped_dir9068_11555}, takesHeapSnapshot=true, pageLoadStrategy=normal, databaseEnabled=false, handlesAlerts=true, hasTouchScreen=false, version=62.0.3202.94, platform=XP, browserConnectionEnabled=false, nativeEvents=true, acceptSslCerts=true, locationContextEnabled=true, webStorageEnabled=true, browserName=chrome, takesScreenshot=true, javascriptEnabled=true, cssSelectorsEnabled=true, unexpectedAlertBehaviour=}]
Session ID: 2c20e0a835c7d69f31c8c4bff1617e3f
*** Element info: {Using=xpath, value=./a}">
      <![CDATA[org.openqa.selenium.StaleElementReferenceException: stale element reference: element is not attached to the page document
  (Session info: chrome=62.0.3202.94)
  (Driver info: chromedriver=2.29.461591 (62ebf098771772160f391d75e589dc567915b233),platform=Windows NT 6.1.7601 SP1 x86_64) (WARNING: The server did not provide any stacktrace information)
Command duration or timeout: 22 milliseconds
For documentation on this error, please visit: http://seleniumhq.org/exceptions/stale_element_reference.html
Build info: version: '3.3.1', revision: '5234b325d5', time: '2017-03-10 09:10:29 +0000'
System info: host: 'N4A6CDPYHL8SNQG', ip: '192.168.231.72', os.name: 'Windows 7', os.arch: 'amd64', os.version: '6.1', java.version: '1.8.0_131'
Driver info: org.openqa.selenium.chrome.ChromeDriver
Capabilities [{applicationCacheEnabled=false, rotatable=false, mobileEmulationEnabled=false, networkConnectionEnabled=false, chrome={chromedriverVersion=2.29.461591 (62ebf098771772160f391d75e589dc567915b233), userDataDir=C:\Users\ADMINI~1\AppData\Local\Temp\scoped_dir9068_11555}, takesHeapSnapshot=true, pageLoadStrategy=normal, databaseEnabled=false, handlesAlerts=true, hasTouchScreen=false, version=62.0.3202.94, platform=XP, browserConnectionEnabled=false, nativeEvents=true, acceptSslCerts=true, locationContextEnabled=true, webStorageEnabled=true, browserName=chrome, takesScreenshot=true, javascriptEnabled=true, cssSelectorsEnabled=true, unexpectedAlertBehaviour=}]
Session ID: 2c20e0a835c7d69f31c8c4bff1617e3f
*** Element info: {Using=xpath, value=./a}
	at org.openqa.selenium.remote.ErrorHandler.createThrowable(ErrorHandler.java:216)
	at org.openqa.selenium.remote.ErrorHandler.throwIfResponseFailed(ErrorHandler.java:168)
	at org.openqa.selenium.remote.RemoteWebDriver.execute(RemoteWebDriver.java:638)
	at org.openqa.selenium.remote.RemoteWebElement.execute(RemoteWebElement.java:274)
	at org.openqa.selenium.remote.RemoteWebElement.findElement(RemoteWebElement.java:177)
	at org.openqa.selenium.remote.RemoteWebElement.findElementByXPath(RemoteWebElement.java:250)
	at org.openqa.selenium.By$ByXPath.findElement(By.java:361)
	at org.openqa.selenium.remote.RemoteWebElement.findElement(RemoteWebElement.java:173)
	at PageElementLocalize.BrowerWebElement.Mooc(BrowerWebElement.java:1054)
... Removed 29 stack frames]]>
    </failure>
  </testcase> <!-- Mooc -->
  <testcase name="roverOnElement" time="0.0" classname="PageElementLocalize.BrowerWebElement">
    <ignored/>
  </testcase> <!-- roverOnElement -->
  <testcase name="testExplicitWaitZIDINGYI" time="0.0" classname="PageElementLocalize.BrowerWebElement">
    <ignored/>
  </testcase> <!-- testExplicitWaitZIDINGYI -->
  <testcase name="BrowerNavigate" time="0.0" classname="PageElementLocalize.BrowerWebElement">
    <ignored/>
  </testcase> <!-- BrowerNavigate -->
  <testcase name="LocateTableCheckBox" time="0.0" classname="PageElementLocalize.TableElement">
    <ignored/>
  </testcase> <!-- LocateTableCheckBox -->
  <testcase name="dragPapeElement" time="0.0" classname="PageElementLocalize.BrowerWebElement">
    <ignored/>
  </testcase> <!-- dragPapeElement -->
  <testcase name="TagByLinkText" time="0.0" classname="PageElementLocalize.LocalizeByTag">
    <ignored/>
  </testcase> <!-- TagByLinkText -->
  <testcase name="getWebMsg" time="0.0" classname="PageElementLocalize.BrowerWebElement">
    <ignored/>
  </testcase> <!-- getWebMsg -->
  <testcase name="testExplicitWait" time="0.0" classname="PageElementLocalize.BrowerWebElement">
    <ignored/>
  </testcase> <!-- testExplicitWait -->
  <testcase name="testHandleAlert" time="0.0" classname="PageElementLocalize.BrowerWebElement">
    <ignored/>
  </testcase> <!-- testHandleAlert -->
  <testcase name="testHandleFrame" time="0.0" classname="PageElementLocalize.BrowerWebElement">
    <ignored/>
  </testcase> <!-- testHandleFrame -->
  <testcase name="mouseClickAndRelease" time="0.0" classname="PageElementLocalize.BrowerWebElement">
    <ignored/>
  </testcase> <!-- mouseClickAndRelease -->
  <testcase name="identifyPopUpWindowByTitle" time="0.0" classname="PageElementLocalize.BrowerWebElement">
    <ignored/>
  </testcase> <!-- identifyPopUpWindowByTitle -->
  <testcase name="operateRadio" time="0.0" classname="PageElementLocalize.BrowerWebElement">
    <ignored/>
  </testcase> <!-- operateRadio -->
  <testcase name="operateWindowsProcess" time="0.0" classname="PageElementLocalize.BrowerWebElement">
    <ignored/>
  </testcase> <!-- operateWindowsProcess -->
  <testcase name="TagByXPath" time="0.0" classname="PageElementLocalize.LocalizeByTag">
    <ignored/>
  </testcase> <!-- TagByXPath -->
  <testcase name="testHandleFrameByPageSource" time="0.0" classname="PageElementLocalize.BrowerWebElement">
    <ignored/>
  </testcase> <!-- testHandleFrameByPageSource -->
  <testcase name="LocateTableTr" time="0.0" classname="PageElementLocalize.TableElement">
    <ignored/>
  </testcase> <!-- LocateTableTr -->
  <testcase name="executeJavaScript" time="0.0" classname="PageElementLocalize.BrowerWebElement">
    <ignored/>
  </testcase> <!-- executeJavaScript -->
  <testcase name="testHandlePrompt" time="0.0" classname="PageElementLocalize.BrowerWebElement">
    <ignored/>
  </testcase> <!-- testHandlePrompt -->
  <testcase name="getWebElementCssAttribute" time="0.0" classname="PageElementLocalize.BrowerWebElement">
    <ignored/>
  </testcase> <!-- getWebElementCssAttribute -->
  <testcase name="checkSelectText" time="0.0" classname="PageElementLocalize.BrowerWebElement">
    <ignored/>
  </testcase> <!-- checkSelectText -->
  <testcase name="testHandleIFrame" time="0.0" classname="PageElementLocalize.BrowerWebElement">
    <ignored/>
  </testcase> <!-- testHandleIFrame -->
  <testcase name="JQueryLocalize" time="0.0" classname="PageElementLocalize.JQuery">
    <ignored/>
  </testcase> <!-- JQueryLocalize -->
  <testcase name="operateMultipleOptionDropList" time="0.0" classname="PageElementLocalize.BrowerWebElement">
    <ignored/>
  </testcase> <!-- operateMultipleOptionDropList -->
  <testcase name="getWebElementAttribute" time="0.0" classname="PageElementLocalize.BrowerWebElement">
    <ignored/>
  </testcase> <!-- getWebElementAttribute -->
  <testcase name="identifyPopUpWindowByPageSource" time="0.0" classname="PageElementLocalize.BrowerWebElement">
    <ignored/>
  </testcase> <!-- identifyPopUpWindowByPageSource -->
  <testcase name="testIframe" time="0.0" classname="PageElementLocalize.BrowerWebElement">
    <ignored/>
  </testcase> <!-- testIframe -->
  <testcase name="testCookie" time="0.0" classname="PageElementLocalize.BrowerWebElement">
    <ignored/>
  </testcase> <!-- testCookie -->
  <testcase name="captureScreenInCurrentWindow" time="0.0" classname="PageElementLocalize.BrowerWebElement">
    <ignored/>
  </testcase> <!-- captureScreenInCurrentWindow -->
  <testcase name="isElementTextPresent" time="0.0" classname="PageElementLocalize.BrowerWebElement">
    <ignored/>
  </testcase> <!-- isElementTextPresent -->
  <testcase name="TagByID" time="0.0" classname="PageElementLocalize.LocalizeByTag">
    <ignored/>
  </testcase> <!-- TagByID -->
  <testcase name="rightClickMouse" time="0.0" classname="PageElementLocalize.BrowerWebElement">
    <ignored/>
  </testcase> <!-- rightClickMouse -->
  <testcase name="testLink" time="0.0" classname="PageElementLocalize.BrowerWebElement">
    <ignored/>
  </testcase> <!-- testLink -->
  <testcase name="TagBypartialLinkText" time="0.0" classname="PageElementLocalize.LocalizeByTag">
    <ignored/>
  </testcase> <!-- TagBypartialLinkText -->
  <testcase name="clickKyes" time="0.0" classname="PageElementLocalize.BrowerWebElement">
    <ignored/>
  </testcase> <!-- clickKyes -->
  <testcase name="clearAndSendTextToInputBoxText" time="0.0" classname="PageElementLocalize.BrowerWebElement">
    <ignored/>
  </testcase> <!-- clearAndSendTextToInputBoxText -->
  <testcase name="XClick" time="0.0" classname="PageElementLocalize.BrowerWebElement">
    <ignored/>
  </testcase> <!-- XClick -->
  <testcase name="operateCheckBox" time="0.0" classname="PageElementLocalize.BrowerWebElement">
    <ignored/>
  </testcase> <!-- operateCheckBox -->
  <testcase name="operateBrower" time="0.0" classname="PageElementLocalize.BrowerWebElement">
    <ignored/>
  </testcase> <!-- operateBrower -->
  <testcase name="TagByName" time="0.0" classname="PageElementLocalize.LocalizeByTag">
    <ignored/>
  </testcase> <!-- TagByName -->
  <testcase name="LocateTable" time="0.0" classname="PageElementLocalize.TableElement">
    <ignored/>
  </testcase> <!-- LocateTable -->
  <testcase name="testImpilicWait" time="0.0" classname="PageElementLocalize.BrowerWebElement">
    <ignored/>
  </testcase> <!-- testImpilicWait -->
  <testcase name="TestIsElementPresent" time="0.0" classname="PageElementLocalize.BrowerWebElement">
    <ignored/>
  </testcase> <!-- TestIsElementPresent -->
</testsuite> <!-- ByTag -->
